<?xml version="1.0" encoding="UTF-8"?>
<coverage generated="1722158685468" clover="3.2.0">
  <project timestamp="1722158685468" name="All files">
    <metrics statements="8" coveredstatements="8" conditionals="6" coveredconditionals="6" methods="2" coveredmethods="2" elements="16" coveredelements="16" complexity="0" loc="8" ncloc="8" packages="1" files="2" classes="2"/>
    <file name="Project.ts" path="C:\Users\rheij\OneDrive\Desktop\Projects\dps-expressjs-challenge\src\models\Project.ts">
      <metrics statements="4" coveredstatements="4" conditionals="4" coveredconditionals="4" methods="1" coveredmethods="1"/>
      <line num="1" count="1" type="stmt"/>
      <line num="11" count="5" type="stmt"/>
      <line num="12" count="5" type="cond" truecount="2" falsecount="0"/>
      <line num="13" count="5" type="cond" truecount="2" falsecount="0"/>
    </file>
    <file name="Report.ts" path="C:\Users\rheij\OneDrive\Desktop\Projects\dps-expressjs-challenge\src\models\Report.ts">
      <metrics statements="4" coveredstatements="4" conditionals="2" coveredconditionals="2" methods="1" coveredmethods="1"/>
      <line num="1" count="1" type="stmt"/>
      <line num="11" count="5" type="stmt"/>
      <line num="12" count="5" type="cond" truecount="2" falsecount="0"/>
      <line num="13" count="5" type="stmt"/>
    </file>
  </project>
</coverage>
