{
	"C:\\Users\\rheij\\OneDrive\\Desktop\\Projects\\dps-expressjs-challenge\\src\\models\\Project.ts": {
		"path": "C:\\Users\\rheij\\OneDrive\\Desktop\\Projects\\dps-expressjs-challenge\\src\\models\\Project.ts",
		"statementMap": {
			"0": {
				"start": { "line": 11, "column": 2 },
				"end": { "line": 11, "column": 15 }
			},
			"1": {
				"start": { "line": 12, "column": 2 },
				"end": { "line": 12, "column": 31 }
			},
			"2": {
				"start": { "line": 13, "column": 2 },
				"end": { "line": 13, "column": 52 }
			},
			"3": {
				"start": { "line": 1, "column": 0 },
				"end": { "line": 1, "column": 13 }
			}
		},
		"fnMap": {
			"0": {
				"name": "(anonymous_0)",
				"decl": {
					"start": { "line": 6, "column": 1 },
					"end": { "line": 6, "column": null }
				},
				"loc": {
					"start": { "line": 9, "column": 33 },
					"end": { "line": 14, "column": 2 }
				}
			}
		},
		"branchMap": {
			"0": {
				"loc": {
					"start": { "line": 12, "column": 14 },
					"end": { "line": 12, "column": 30 }
				},
				"type": "cond-expr",
				"locations": [
					{
						"start": { "line": 12, "column": 21 },
						"end": { "line": 12, "column": 25 }
					},
					{
						"start": { "line": 12, "column": 28 },
						"end": { "line": 12, "column": 30 }
					}
				]
			},
			"1": {
				"loc": {
					"start": { "line": 13, "column": 21 },
					"end": { "line": 13, "column": 51 }
				},
				"type": "cond-expr",
				"locations": [
					{
						"start": { "line": 13, "column": 35 },
						"end": { "line": 13, "column": 46 }
					},
					{
						"start": { "line": 13, "column": 49 },
						"end": { "line": 13, "column": 51 }
					}
				]
			}
		},
		"s": { "0": 5, "1": 5, "2": 5, "3": 1 },
		"f": { "0": 5 },
		"b": { "0": [3, 2], "1": [3, 2] }
	},
	"C:\\Users\\rheij\\OneDrive\\Desktop\\Projects\\dps-expressjs-challenge\\src\\models\\Report.ts": {
		"path": "C:\\Users\\rheij\\OneDrive\\Desktop\\Projects\\dps-expressjs-challenge\\src\\models\\Report.ts",
		"statementMap": {
			"0": {
				"start": { "line": 11, "column": 2 },
				"end": { "line": 11, "column": 15 }
			},
			"1": {
				"start": { "line": 12, "column": 2 },
				"end": { "line": 12, "column": 31 }
			},
			"2": {
				"start": { "line": 13, "column": 2 },
				"end": { "line": 13, "column": 29 }
			},
			"3": {
				"start": { "line": 1, "column": 0 },
				"end": { "line": 1, "column": 13 }
			}
		},
		"fnMap": {
			"0": {
				"name": "(anonymous_0)",
				"decl": {
					"start": { "line": 6, "column": 1 },
					"end": { "line": 6, "column": null }
				},
				"loc": {
					"start": { "line": 9, "column": 19 },
					"end": { "line": 14, "column": 2 }
				}
			}
		},
		"branchMap": {
			"0": {
				"loc": {
					"start": { "line": 12, "column": 14 },
					"end": { "line": 12, "column": 30 }
				},
				"type": "cond-expr",
				"locations": [
					{
						"start": { "line": 12, "column": 21 },
						"end": { "line": 12, "column": 25 }
					},
					{
						"start": { "line": 12, "column": 28 },
						"end": { "line": 12, "column": 30 }
					}
				]
			}
		},
		"s": { "0": 5, "1": 5, "2": 5, "3": 1 },
		"f": { "0": 5 },
		"b": { "0": [3, 2] }
	}
}
